<?xml version="1.0" encoding="UTF-8"?>
<!-- Generated by org.testng.reporters.JUnitReportReporter -->
<testsuite hostname="Test-PC" failures="0" tests="3" name="com.tutorialsninja.qa.testcases.RegisterPageTest" time="32.378" errors="0" timestamp="2023-11-05T12:08:19 PST" skipped="0">
  <testcase classname="com.tutorialsninja.qa.testcases.RegisterPageTest" name="verifyHomeTitle" time="6.692"/>
  <testcase classname="com.tutorialsninja.qa.testcases.RegisterPageTest" name="verifyTitle" time="14.248"/>
  <testcase classname="com.tutorialsninja.qa.testcases.RegisterPageTest" name="verifyRegister" time="11.438"/>
</testsuite> <!-- com.tutorialsninja.qa.testcases.RegisterPageTest -->
