<?xml version="1.0" encoding="UTF-8"?>
<!-- Generated by org.testng.reporters.JUnitReportReporter -->
<testsuite hostname="Test-PC" failures="0" tests="2" name="com.tutorialsninja.qa.testcases.RegisterPageTest" time="27.776" errors="0" timestamp="2023-11-05T09:21:24 PST" skipped="0">
  <testcase classname="com.tutorialsninja.qa.testcases.RegisterPageTest" name="verifyTitle" time="17.154"/>
  <testcase classname="com.tutorialsninja.qa.testcases.RegisterPageTest" name="verifyRegister" time="10.622"/>
</testsuite> <!-- com.tutorialsninja.qa.testcases.RegisterPageTest -->
